  Level.cpp
C:\Users\Yurii\Documents\Code\C++\Pac man as a kurswork\Pac man as a kurswork\Level.cpp(22,46): warning C4244: аргумент: преобразование "int" в "float", возможна потеря данных
C:\Users\Yurii\Documents\Code\C++\Pac man as a kurswork\Pac man as a kurswork\Level.cpp(22,38): warning C4244: аргумент: преобразование "int" в "float", возможна потеря данных
C:\Users\Yurii\Documents\Code\C++\Pac man as a kurswork\Pac man as a kurswork\Level.cpp(25,54): warning C4244: аргумент: преобразование "int" в "float", возможна потеря данных
C:\Users\Yurii\Documents\Code\C++\Pac man as a kurswork\Pac man as a kurswork\Level.cpp(25,41): warning C4244: аргумент: преобразование "int" в "float", возможна потеря данных
C:\Users\Yurii\Documents\Code\C++\Pac man as a kurswork\Pac man as a kurswork\Level.cpp(76,50): warning C4244: аргумент: преобразование "int" в "float", возможна потеря данных
C:\Users\Yurii\Documents\Code\C++\Pac man as a kurswork\Pac man as a kurswork\Level.cpp(76,42): warning C4244: аргумент: преобразование "int" в "float", возможна потеря данных
C:\Users\Yurii\Documents\Code\C++\Pac man as a kurswork\Pac man as a kurswork\Level.cpp(79,58): warning C4244: аргумент: преобразование "int" в "float", возможна потеря данных
C:\Users\Yurii\Documents\Code\C++\Pac man as a kurswork\Pac man as a kurswork\Level.cpp(79,45): warning C4244: аргумент: преобразование "int" в "float", возможна потеря данных
C:\Users\Yurii\Documents\Code\C++\Pac man as a kurswork\Pac man as a kurswork\Level.cpp(105,62): warning C4244: аргумент: преобразование "int" в "T", возможна потеря данных
          with
          [
              T=float
          ]
C:\Users\Yurii\Documents\Code\C++\Pac man as a kurswork\Pac man as a kurswork\Level.cpp(105,59): warning C4244: аргумент: преобразование "int" в "T", возможна потеря данных
          with
          [
              T=float
          ]
C:\Users\Yurii\Documents\Code\C++\Pac man as a kurswork\Pac man as a kurswork\Level.cpp(162,58): warning C4244: аргумент: преобразование "int" в "float", возможна потеря данных
C:\Users\Yurii\Documents\Code\C++\Pac man as a kurswork\Pac man as a kurswork\Level.cpp(162,45): warning C4244: аргумент: преобразование "int" в "float", возможна потеря данных
C:\Users\Yurii\Documents\Code\C++\Pac man as a kurswork\Pac man as a kurswork\Level.cpp(188,62): warning C4244: аргумент: преобразование "int" в "T", возможна потеря данных
          with
          [
              T=float
          ]
C:\Users\Yurii\Documents\Code\C++\Pac man as a kurswork\Pac man as a kurswork\Level.cpp(188,59): warning C4244: аргумент: преобразование "int" в "T", возможна потеря данных
          with
          [
              T=float
          ]
C:\Users\Yurii\Documents\Code\C++\Pac man as a kurswork\Pac man as a kurswork\Level.cpp(282,58): warning C4244: аргумент: преобразование "int" в "float", возможна потеря данных
C:\Users\Yurii\Documents\Code\C++\Pac man as a kurswork\Pac man as a kurswork\Level.cpp(282,45): warning C4244: аргумент: преобразование "int" в "float", возможна потеря данных
C:\Users\Yurii\Documents\Code\C++\Pac man as a kurswork\Pac man as a kurswork\Level.cpp(307,62): warning C4244: аргумент: преобразование "int" в "T", возможна потеря данных
          with
          [
              T=float
          ]
C:\Users\Yurii\Documents\Code\C++\Pac man as a kurswork\Pac man as a kurswork\Level.cpp(307,59): warning C4244: аргумент: преобразование "int" в "T", возможна потеря данных
          with
          [
              T=float
          ]
  Main.cpp
C:\Users\Yurii\Documents\Code\C++\Pac man as a kurswork\Pac man as a kurswork\Main.cpp(15,15): warning C4244: аргумент: преобразование "time_t" в "unsigned int", возможна потеря данных
  SceneManager.cpp
C:\Users\Yurii\Documents\Code\C++\Pac man as a kurswork\Pac man as a kurswork\SceneManager.cpp(125,143): warning C4244: аргумент: преобразование "T" в "T", возможна потеря данных
          with
          [
              T=int
          ]
          and
          [
              T=float
          ]
C:\Users\Yurii\Documents\Code\C++\Pac man as a kurswork\Pac man as a kurswork\SceneManager.cpp(125,113): warning C4244: аргумент: преобразование "T" в "T", возможна потеря данных
          with
          [
              T=int
          ]
          and
          [
              T=float
          ]
C:\Users\Yurii\Documents\Code\C++\Pac man as a kurswork\Pac man as a kurswork\SceneManager.cpp(134,139): warning C4244: аргумент: преобразование "T" в "T", возможна потеря данных
          with
          [
              T=int
          ]
          and
          [
              T=float
          ]
C:\Users\Yurii\Documents\Code\C++\Pac man as a kurswork\Pac man as a kurswork\SceneManager.cpp(134,109): warning C4244: аргумент: преобразование "T" в "T", возможна потеря данных
          with
          [
              T=int
          ]
          and
          [
              T=float
          ]
C:\Users\Yurii\Documents\Code\C++\Pac man as a kurswork\Pac man as a kurswork\SceneManager.cpp(156,28): warning C4244: аргумент: преобразование "int" в "float", возможна потеря данных
C:\Users\Yurii\Documents\Code\C++\Pac man as a kurswork\Pac man as a kurswork\SceneManager.cpp(157,28): warning C4244: аргумент: преобразование "int" в "float", возможна потеря данных
C:\Users\Yurii\Documents\Code\C++\Pac man as a kurswork\Pac man as a kurswork\SceneManager.cpp(158,28): warning C4244: аргумент: преобразование "int" в "float", возможна потеря данных
C:\Users\Yurii\Documents\Code\C++\Pac man as a kurswork\Pac man as a kurswork\SceneManager.cpp(162,29): warning C4244: аргумент: преобразование "int" в "float", возможна потеря данных
C:\Users\Yurii\Documents\Code\C++\Pac man as a kurswork\Pac man as a kurswork\SceneManager.cpp(163,31): warning C4244: аргумент: преобразование "int" в "float", возможна потеря данных
C:\Users\Yurii\Documents\Code\C++\Pac man as a kurswork\Pac man as a kurswork\SceneManager.cpp(172,30): warning C4244: аргумент: преобразование "int" в "float", возможна потеря данных
C:\Users\Yurii\Documents\Code\C++\Pac man as a kurswork\Pac man as a kurswork\SceneManager.cpp(307,137): warning C4244: аргумент: преобразование "T" в "T", возможна потеря данных
          with
          [
              T=int
          ]
          and
          [
              T=float
          ]
C:\Users\Yurii\Documents\Code\C++\Pac man as a kurswork\Pac man as a kurswork\SceneManager.cpp(307,107): warning C4244: аргумент: преобразование "T" в "T", возможна потеря данных
          with
          [
              T=int
          ]
          and
          [
              T=float
          ]
C:\Users\Yurii\Documents\Code\C++\Pac man as a kurswork\Pac man as a kurswork\SceneManager.cpp(329,28): warning C4244: аргумент: преобразование "int" в "float", возможна потеря данных
C:\Users\Yurii\Documents\Code\C++\Pac man as a kurswork\Pac man as a kurswork\SceneManager.cpp(330,28): warning C4244: аргумент: преобразование "int" в "float", возможна потеря данных
C:\Users\Yurii\Documents\Code\C++\Pac man as a kurswork\Pac man as a kurswork\SceneManager.cpp(331,28): warning C4244: аргумент: преобразование "int" в "float", возможна потеря данных
C:\Users\Yurii\Documents\Code\C++\Pac man as a kurswork\Pac man as a kurswork\SceneManager.cpp(335,29): warning C4244: аргумент: преобразование "int" в "float", возможна потеря данных
C:\Users\Yurii\Documents\Code\C++\Pac man as a kurswork\Pac man as a kurswork\SceneManager.cpp(336,31): warning C4244: аргумент: преобразование "int" в "float", возможна потеря данных
C:\Users\Yurii\Documents\Code\C++\Pac man as a kurswork\Pac man as a kurswork\SceneManager.cpp(346,30): warning C4244: аргумент: преобразование "int" в "float", возможна потеря данных
C:\Users\Yurii\Documents\Code\C++\Pac man as a kurswork\Pac man as a kurswork\SceneManager.cpp(427,5): warning C4305: аргумент: усечение из "double" в "float"
  Создание кода
  4 of 567 functions ( 0.7%) were compiled, the rest were copied from previous compilation.
    0 functions were new in current compilation
    50 functions had inline decision re-evaluated but remain unchanged
  Создание кода завершено
  Pac man as a kurswork.vcxproj -> C:\Users\Yurii\Documents\Code\C++\Pac man as a kurswork\x64\Release\Pac man as a kurswork.exe
